****                   ADMIXTURE Version 1.3.0                  ****
****                    Copyright 2008-2015                     ****
****           David Alexander, Suyash Shringarpure,            ****
****                John  Novembre, Ken Lange                   ****
****                                                            ****
****                 Please cite our paper!                     ****
****   Information at www.genetics.ucla.edu/software/admixture  ****

Cross-validation will be performed.  Folds=5.
Random seed: 43
Point estimation method: Block relaxation algorithm
Convergence acceleration algorithm: QuasiNewton, 3 secant conditions
Point estimation will terminate when objective function delta < 0.0001
Estimation of standard errors disabled; will compute point estimates only.
Size of G: 86x76987
Performing five EM steps to prime main algorithm
1 (EM) 	Elapsed: 0.15	Loglikelihood: -6.51883e+06	(delta): 4.82032e+06
2 (EM) 	Elapsed: 0.149	Loglikelihood: -6.33148e+06	(delta): 187347
3 (EM) 	Elapsed: 0.148	Loglikelihood: -6.27175e+06	(delta): 59734.2
4 (EM) 	Elapsed: 0.148	Loglikelihood: -6.24103e+06	(delta): 30721
5 (EM) 	Elapsed: 0.147	Loglikelihood: -6.22262e+06	(delta): 18407.1
Initial loglikelihood: -6.22262e+06
Starting main algorithm
1 (QN/Block) 	Elapsed: 0.463	Loglikelihood: -5.80907e+06	(delta): 413546
2 (QN/Block) 	Elapsed: 0.463	Loglikelihood: -5.71754e+06	(delta): 91534.3
3 (QN/Block) 	Elapsed: 0.54	Loglikelihood: -5.66379e+06	(delta): 53747
4 (QN/Block) 	Elapsed: 0.609	Loglikelihood: -5.63583e+06	(delta): 27958.6
5 (QN/Block) 	Elapsed: 0.647	Loglikelihood: -5.62957e+06	(delta): 6266.31
6 (QN/Block) 	Elapsed: 0.645	Loglikelihood: -5.62874e+06	(delta): 827.527
7 (QN/Block) 	Elapsed: 0.54	Loglikelihood: -5.62842e+06	(delta): 323.587
8 (QN/Block) 	Elapsed: 0.541	Loglikelihood: -5.62835e+06	(delta): 63.083
9 (QN/Block) 	Elapsed: 0.648	Loglikelihood: -5.62831e+06	(delta): 40.6701
10 (QN/Block) 	Elapsed: 0.61	Loglikelihood: -5.62831e+06	(delta): 3.50141
11 (QN/Block) 	Elapsed: 0.647	Loglikelihood: -5.62831e+06	(delta): 0.00779374
12 (QN/Block) 	Elapsed: 0.575	Loglikelihood: -5.62831e+06	(delta): 0.00136882
13 (QN/Block) 	Elapsed: 0.54	Loglikelihood: -5.62831e+06	(delta): 0.000551051
14 (QN/Block) 	Elapsed: 0.54	Loglikelihood: -5.62831e+06	(delta): 3.65619e-05
Summary: 
Converged in 14 iterations (9.53 sec)
Loglikelihood: -5628308.310401
Fst divergences between estimated populations: 
	Pop0	
Pop0	
Pop1	0.235	
CV error (K=2): 0.55504
Writing output files.
