****                   ADMIXTURE Version 1.3.0                  ****
****                    Copyright 2008-2015                     ****
****           David Alexander, Suyash Shringarpure,            ****
****                John  Novembre, Ken Lange                   ****
****                                                            ****
****                 Please cite our paper!                     ****
****   Information at www.genetics.ucla.edu/software/admixture  ****

Cross-validation will be performed.  Folds=5.
Random seed: 43
Point estimation method: Block relaxation algorithm
Convergence acceleration algorithm: QuasiNewton, 3 secant conditions
Point estimation will terminate when objective function delta < 0.0001
Estimation of standard errors disabled; will compute point estimates only.
Size of G: 86x76987
Performing five EM steps to prime main algorithm
1 (EM) 	Elapsed: 0.503	Loglikelihood: -6.52877e+06	(delta): 3.36221e+06
2 (EM) 	Elapsed: 0.503	Loglikelihood: -6.3279e+06	(delta): 200878
3 (EM) 	Elapsed: 0.504	Loglikelihood: -6.25357e+06	(delta): 74324.7
4 (EM) 	Elapsed: 0.503	Loglikelihood: -6.1961e+06	(delta): 57470.3
5 (EM) 	Elapsed: 0.504	Loglikelihood: -6.14309e+06	(delta): 53014.1
Initial loglikelihood: -6.14309e+06
Starting main algorithm
1 (QN/Block) 	Elapsed: 1.416	Loglikelihood: -5.20353e+06	(delta): 939556
2 (QN/Block) 	Elapsed: 1.429	Loglikelihood: -4.95084e+06	(delta): 252691
3 (QN/Block) 	Elapsed: 1.553	Loglikelihood: -4.87068e+06	(delta): 80162.3
4 (QN/Block) 	Elapsed: 1.546	Loglikelihood: -4.82109e+06	(delta): 49590
5 (QN/Block) 	Elapsed: 1.594	Loglikelihood: -4.79181e+06	(delta): 29278.1
6 (QN/Block) 	Elapsed: 1.531	Loglikelihood: -4.77609e+06	(delta): 15718.1
7 (QN/Block) 	Elapsed: 1.582	Loglikelihood: -4.77086e+06	(delta): 5227.41
8 (QN/Block) 	Elapsed: 1.58	Loglikelihood: -4.76845e+06	(delta): 2409.38
9 (QN/Block) 	Elapsed: 1.526	Loglikelihood: -4.76718e+06	(delta): 1270.15
10 (QN/Block) 	Elapsed: 1.527	Loglikelihood: -4.76679e+06	(delta): 396.54
11 (QN/Block) 	Elapsed: 1.53	Loglikelihood: -4.76651e+06	(delta): 275.782
12 (QN/Block) 	Elapsed: 1.528	Loglikelihood: -4.76614e+06	(delta): 367.827
13 (QN/Block) 	Elapsed: 1.587	Loglikelihood: -4.76591e+06	(delta): 233.643
14 (QN/Block) 	Elapsed: 1.528	Loglikelihood: -4.76577e+06	(delta): 141.671
15 (QN/Block) 	Elapsed: 1.528	Loglikelihood: -4.76573e+06	(delta): 39.2014
16 (QN/Block) 	Elapsed: 1.527	Loglikelihood: -4.76571e+06	(delta): 17.4698
17 (QN/Block) 	Elapsed: 1.532	Loglikelihood: -4.76571e+06	(delta): 5.15593
18 (QN/Block) 	Elapsed: 1.527	Loglikelihood: -4.7657e+06	(delta): 2.72161
19 (QN/Block) 	Elapsed: 1.541	Loglikelihood: -4.7657e+06	(delta): 1.59697
20 (QN/Block) 	Elapsed: 1.526	Loglikelihood: -4.7657e+06	(delta): 0.796219
21 (QN/Block) 	Elapsed: 1.53	Loglikelihood: -4.7657e+06	(delta): 1.03857
22 (QN/Block) 	Elapsed: 1.523	Loglikelihood: -4.7657e+06	(delta): 0.165193
23 (QN/Block) 	Elapsed: 1.524	Loglikelihood: -4.7657e+06	(delta): 0.0412626
24 (QN/Block) 	Elapsed: 1.526	Loglikelihood: -4.7657e+06	(delta): 0.00654753
25 (QN/Block) 	Elapsed: 1.527	Loglikelihood: -4.7657e+06	(delta): 0.00695048
26 (QN/Block) 	Elapsed: 1.525	Loglikelihood: -4.7657e+06	(delta): 0.00147848
27 (QN/Block) 	Elapsed: 1.524	Loglikelihood: -4.7657e+06	(delta): 0.000322093
28 (QN/Block) 	Elapsed: 1.526	Loglikelihood: -4.7657e+06	(delta): 6.23334e-05
Summary: 
Converged in 28 iterations (47.299 sec)
Loglikelihood: -4765700.293526
Fst divergences between estimated populations: 
	Pop0	Pop1	Pop2	Pop3	Pop4	
Pop0	
Pop1	0.336	
Pop2	0.379	0.268	
Pop3	0.334	0.298	0.279	
Pop4	0.419	0.320	0.164	0.331	
Pop5	0.328	0.113	0.224	0.267	0.274	
CV error (K=6): 0.54946
Writing output files.
