****                   ADMIXTURE Version 1.3.0                  ****
****                    Copyright 2008-2015                     ****
****           David Alexander, Suyash Shringarpure,            ****
****                John  Novembre, Ken Lange                   ****
****                                                            ****
****                 Please cite our paper!                     ****
****   Information at www.genetics.ucla.edu/software/admixture  ****

Cross-validation will be performed.  Folds=5.
Random seed: 43
Point estimation method: Block relaxation algorithm
Convergence acceleration algorithm: QuasiNewton, 3 secant conditions
Point estimation will terminate when objective function delta < 0.0001
Estimation of standard errors disabled; will compute point estimates only.
Size of G: 86x76987
Performing five EM steps to prime main algorithm
1 (EM) 	Elapsed: 0.22	Loglikelihood: -6.56296e+06	(delta): 4.10571e+06
2 (EM) 	Elapsed: 0.218	Loglikelihood: -6.36119e+06	(delta): 201762
3 (EM) 	Elapsed: 0.219	Loglikelihood: -6.28939e+06	(delta): 71805.2
4 (EM) 	Elapsed: 0.219	Loglikelihood: -6.24545e+06	(delta): 43940.2
5 (EM) 	Elapsed: 0.219	Loglikelihood: -6.21412e+06	(delta): 31328.1
Initial loglikelihood: -6.21412e+06
Starting main algorithm
1 (QN/Block) 	Elapsed: 0.66	Loglikelihood: -5.56905e+06	(delta): 645072
2 (QN/Block) 	Elapsed: 0.66	Loglikelihood: -5.33267e+06	(delta): 236374
3 (QN/Block) 	Elapsed: 0.743	Loglikelihood: -5.25104e+06	(delta): 81632.1
4 (QN/Block) 	Elapsed: 0.79	Loglikelihood: -5.19538e+06	(delta): 55659.9
5 (QN/Block) 	Elapsed: 0.75	Loglikelihood: -5.17845e+06	(delta): 16937.8
6 (QN/Block) 	Elapsed: 0.83	Loglikelihood: -5.17311e+06	(delta): 5335.74
7 (QN/Block) 	Elapsed: 0.75	Loglikelihood: -5.17231e+06	(delta): 794.887
8 (QN/Block) 	Elapsed: 0.869	Loglikelihood: -5.17212e+06	(delta): 196.308
9 (QN/Block) 	Elapsed: 0.75	Loglikelihood: -5.17205e+06	(delta): 65.2621
10 (QN/Block) 	Elapsed: 0.868	Loglikelihood: -5.17204e+06	(delta): 14.4017
11 (QN/Block) 	Elapsed: 0.867	Loglikelihood: -5.17204e+06	(delta): 1.34526
12 (QN/Block) 	Elapsed: 0.749	Loglikelihood: -5.17204e+06	(delta): 0.00537669
13 (QN/Block) 	Elapsed: 0.75	Loglikelihood: -5.17204e+06	(delta): 0.000198858
14 (QN/Block) 	Elapsed: 0.751	Loglikelihood: -5.17204e+06	(delta): 5.66803e-06
Summary: 
Converged in 14 iterations (12.755 sec)
Loglikelihood: -5172037.250508
Fst divergences between estimated populations: 
	Pop0	Pop1	
Pop0	
Pop1	0.247	
Pop2	0.325	0.315	
CV error (K=3): 0.50884
Writing output files.
