****                   ADMIXTURE Version 1.3.0                  ****
****                    Copyright 2008-2015                     ****
****           David Alexander, Suyash Shringarpure,            ****
****                John  Novembre, Ken Lange                   ****
****                                                            ****
****                 Please cite our paper!                     ****
****   Information at www.genetics.ucla.edu/software/admixture  ****

Cross-validation will be performed.  Folds=5.
Random seed: 43
Point estimation method: Block relaxation algorithm
Convergence acceleration algorithm: QuasiNewton, 3 secant conditions
Point estimation will terminate when objective function delta < 0.0001
Estimation of standard errors disabled; will compute point estimates only.
Size of G: 86x76987
Performing five EM steps to prime main algorithm
1 (EM) 	Elapsed: 0.388	Loglikelihood: -6.54514e+06	(delta): 3.47747e+06
2 (EM) 	Elapsed: 0.388	Loglikelihood: -6.35114e+06	(delta): 193996
3 (EM) 	Elapsed: 0.389	Loglikelihood: -6.28383e+06	(delta): 67307.3
4 (EM) 	Elapsed: 0.388	Loglikelihood: -6.23625e+06	(delta): 47586.7
5 (EM) 	Elapsed: 0.39	Loglikelihood: -6.19594e+06	(delta): 40308
Initial loglikelihood: -6.19594e+06
Starting main algorithm
1 (QN/Block) 	Elapsed: 1.146	Loglikelihood: -5.1926e+06	(delta): 1.00334e+06
2 (QN/Block) 	Elapsed: 1.152	Loglikelihood: -4.96156e+06	(delta): 231041
3 (QN/Block) 	Elapsed: 1.266	Loglikelihood: -4.89043e+06	(delta): 71124.7
4 (QN/Block) 	Elapsed: 1.259	Loglikelihood: -4.84574e+06	(delta): 44690.3
5 (QN/Block) 	Elapsed: 1.259	Loglikelihood: -4.8249e+06	(delta): 20847.5
6 (QN/Block) 	Elapsed: 1.255	Loglikelihood: -4.81792e+06	(delta): 6977.96
7 (QN/Block) 	Elapsed: 1.255	Loglikelihood: -4.81667e+06	(delta): 1243.6
8 (QN/Block) 	Elapsed: 1.254	Loglikelihood: -4.81638e+06	(delta): 297.229
9 (QN/Block) 	Elapsed: 1.254	Loglikelihood: -4.81628e+06	(delta): 97.5625
10 (QN/Block) 	Elapsed: 1.256	Loglikelihood: -4.81625e+06	(delta): 33.2845
11 (QN/Block) 	Elapsed: 1.253	Loglikelihood: -4.81623e+06	(delta): 13.1421
12 (QN/Block) 	Elapsed: 1.253	Loglikelihood: -4.81622e+06	(delta): 9.28896
13 (QN/Block) 	Elapsed: 1.252	Loglikelihood: -4.81622e+06	(delta): 4.06871
14 (QN/Block) 	Elapsed: 1.301	Loglikelihood: -4.81622e+06	(delta): 1.67222
15 (QN/Block) 	Elapsed: 1.355	Loglikelihood: -4.81622e+06	(delta): 2.40642
16 (QN/Block) 	Elapsed: 1.348	Loglikelihood: -4.81622e+06	(delta): 0.838618
17 (QN/Block) 	Elapsed: 1.347	Loglikelihood: -4.81621e+06	(delta): 1.04159
18 (QN/Block) 	Elapsed: 1.395	Loglikelihood: -4.81621e+06	(delta): 0.966058
19 (QN/Block) 	Elapsed: 1.396	Loglikelihood: -4.81621e+06	(delta): 2.33375
20 (QN/Block) 	Elapsed: 1.394	Loglikelihood: -4.81621e+06	(delta): 1.70182
21 (QN/Block) 	Elapsed: 1.251	Loglikelihood: -4.81621e+06	(delta): 1.67081
22 (QN/Block) 	Elapsed: 1.252	Loglikelihood: -4.81621e+06	(delta): 0.794268
23 (QN/Block) 	Elapsed: 1.25	Loglikelihood: -4.81621e+06	(delta): 0.414263
24 (QN/Block) 	Elapsed: 1.25	Loglikelihood: -4.81621e+06	(delta): 0.249479
25 (QN/Block) 	Elapsed: 1.251	Loglikelihood: -4.81621e+06	(delta): 0.482158
26 (QN/Block) 	Elapsed: 1.252	Loglikelihood: -4.81621e+06	(delta): 0.08773
27 (QN/Block) 	Elapsed: 1.251	Loglikelihood: -4.81621e+06	(delta): 0.0372005
28 (QN/Block) 	Elapsed: 1.249	Loglikelihood: -4.81621e+06	(delta): 0.011761
29 (QN/Block) 	Elapsed: 1.25	Loglikelihood: -4.81621e+06	(delta): 0.00384736
30 (QN/Block) 	Elapsed: 1.252	Loglikelihood: -4.81621e+06	(delta): 0.00288744
31 (QN/Block) 	Elapsed: 1.25	Loglikelihood: -4.81621e+06	(delta): 0.00115385
32 (QN/Block) 	Elapsed: 1.249	Loglikelihood: -4.81621e+06	(delta): 0.000655157
33 (QN/Block) 	Elapsed: 1.252	Loglikelihood: -4.81621e+06	(delta): 0.000303549
34 (QN/Block) 	Elapsed: 1.251	Loglikelihood: -4.81621e+06	(delta): 4.49633e-05
Summary: 
Converged in 34 iterations (47.128 sec)
Loglikelihood: -4816205.590292
Fst divergences between estimated populations: 
	Pop0	Pop1	Pop2	Pop3	
Pop0	
Pop1	0.156	
Pop2	0.283	0.220	
Pop3	0.324	0.269	0.269	
Pop4	0.372	0.320	0.371	0.333	
CV error (K=5): 0.49667
Writing output files.
